\BOOKMARK [1][-]{section.1}{1. Les groupes KO, K1 et K2}{}% 1
\BOOKMARK [2][-]{subsection.1.1}{1.1. Les groupes K0 et K'0 d'un anneau}{section.1}% 2
\BOOKMARK [2][-]{subsection.1.2}{1.2. Les groupes K0 et K'0 d'un sch\351ma}{section.1}% 3
\BOOKMARK [2][-]{subsection.1.3}{1.3. Categories exactes et leurs K0}{section.1}% 4
\BOOKMARK [2][-]{subsection.1.4}{1.4. Les groupes K1 et K2 d'un anneau}{section.1}% 5
\BOOKMARK [1][-]{section.2}{2. D\351finition de la K-th\351orie sup\351rieure}{}% 6
\BOOKMARK [2][-]{subsection.2.1}{2.1. La construction Q de Quillen}{section.2}% 7
\BOOKMARK [2][-]{subsection.2.2}{2.2. Les th\351or\350mes A et B de Quillen}{section.2}% 8
\BOOKMARK [2][-]{subsection.2.3}{2.3. Premi\350res propri\351t\351s}{section.2}% 9
\BOOKMARK [1][-]{section.3}{3. Construction + et th\351or\350me "+=Q"}{}% 10
\BOOKMARK [2][-]{subsection.3.1}{3.1. La construction + en topologie}{section.3}% 11
\BOOKMARK [2][-]{subsection.3.2}{3.2. La construction + de la K-th\351orie}{section.3}% 12
\BOOKMARK [2][-]{subsection.3.3}{3.3. La K-th\351orie des corps finis}{section.3}% 13
\BOOKMARK [2][-]{subsection.3.4}{3.4. Le th\351or\350me "+=Q"}{section.3}% 14
\BOOKMARK [1][-]{section.4}{4. Propri\351t\351s de la K-th\351orie sup\351rieure}{}% 15
\BOOKMARK [1][-]{section.5}{5. La K-th\351orie des sch\351mas}{}% 16
\BOOKMARK [1][-]{appendix.A}{Annexe A. Cat\351gories mod\350les}{}% 17
\BOOKMARK [2][-]{subsection.A.1}{A.1. Argument du petit objet, notations}{appendix.A}% 18
\BOOKMARK [2][-]{subsection.A.2}{A.2. Carr\351s homotopiquement cart\351siens d'ensembles simpliciaux}{appendix.A}% 19
\BOOKMARK [2][-]{subsection.A.3}{A.3. Le lemme de collage}{appendix.A}% 20
\BOOKMARK [1][-]{appendix.B}{Annexe B. Cat\351gories exactes}{}% 21
\BOOKMARK [1][-]{appendix.C}{Annexe C. Topologie alg\351brique}{}% 22
\BOOKMARK [1][-]{section*.2}{Remerciements}{}% 23
\BOOKMARK [1][-]{section*.3}{R\351f\351rences}{}% 24
